<?xml version="1.0" encoding="UTF-8"?>
<!-- Generated by org.testng.reporters.JUnitReportReporter -->
<testsuite hostname="Prashant" failures="0" tests="1" name="TestcasesByEpics.AdobeDotCom" time="40.857" errors="0" timestamp="2025-05-09T01:53:22 IST" skipped="0">
  <testcase classname="TestcasesByEpics.AdobeDotCom" name="Get_product_names_from_adobe_website" time="40.857"/>
</testsuite> <!-- TestcasesByEpics.AdobeDotCom -->
