<?xml version="1.0" encoding="UTF-8"?>
<!-- Generated by org.testng.reporters.JUnitReportReporter -->
<testsuite hostname="Prashant" failures="0" tests="1" name="TestcasesByEpics.Test_01" time="6.481" errors="0" timestamp="2025-03-04T01:31:00 IST" skipped="0">
  <testcase classname="TestcasesByEpics.Test_01" name="testReadExcelAndPrintOnConsole" time="6.481"/>
</testsuite> <!-- TestcasesByEpics.Test_01 -->
