<?xml version="1.0" encoding="UTF-8"?>
<!-- Generated by org.testng.reporters.JUnitReportReporter -->
<testsuite hostname="Prashant" failures="0" tests="1" name="TestcasesByEpics.FindMinAndMaxPricePhone" time="43.666" errors="0" timestamp="2025-03-28T00:56:26 IST" skipped="0">
  <testcase classname="TestcasesByEpics.FindMinAndMaxPricePhone" name="minAndMaxPrices" time="43.666"/>
</testsuite> <!-- TestcasesByEpics.FindMinAndMaxPricePhone -->
