<?xml version="1.0" encoding="UTF-8"?>
<!-- Generated by org.testng.reporters.JUnitReportReporter -->
<testsuite hostname="Prashant" failures="0" tests="1" name="TestcasesByEpics.Test_01" time="9.741" errors="0" timestamp="2025-03-02T02:19:48 IST" skipped="0">
  <testcase classname="TestcasesByEpics.Test_01" name="testValidLogin" time="9.741"/>
</testsuite> <!-- TestcasesByEpics.Test_01 -->
