<?xml version="1.0" encoding="UTF-8"?>
<!-- Generated by org.testng.reporters.JUnitReportReporter -->
<testsuite hostname="Prashant" failures="0" tests="1" name="PageObjects.HomePage" time="13.082" errors="0" timestamp="2025-03-02T01:40:57 IST" skipped="0">
  <testcase classname="PageObjects.HomePage" name="homePageLogin" time="13.082"/>
</testsuite> <!-- PageObjects.HomePage -->
